# JRE version: OpenJDK Runtime Environment (8.0_131-b11) (build 1.8.0_131-8u131-b11-2ubuntu1.17.04.3-b11)
# Java VM: OpenJDK 64-Bit Server VM (25.131-b11 mixed mode linux-amd64 compressed oops)
Heap:
 PSYoungGen      total 129536K, used 8547K [0x00000000f0000000, 0x00000000fb200000, 0x0000000100000000)
  eden space 90112K, 0% used [0x00000000f0000000,0x00000000f0000000,0x00000000f5800000)
  from space 39424K, 21% used [0x00000000f5800000,0x00000000f6058cc8,0x00000000f7e80000)
  to   space 41984K, 0% used [0x00000000f8900000,0x00000000f8900000,0x00000000fb200000)
 ParOldGen       total 76800K, used 76585K [0x00000000d0000000, 0x00000000d4b00000, 0x00000000f0000000)
  object space 76800K, 99% used [0x00000000d0000000,0x00000000d4aca470,0x00000000d4b00000)
 Metaspace       used 67556K, capacity 68116K, committed 68656K, reserved 1105920K
  class space    used 11767K, capacity 11941K, committed 12080K, reserved 1048576K
GC Heap History (10 events):
Event: 5616.818 GC heap after
Heap after GC invocations=65 (full 7):
 PSYoungGen      total 114688K, used 64K [0x00000000f0000000, 0x00000000f8280000, 0x0000000100000000)
  eden space 95744K, 0% used [0x00000000f0000000,0x00000000f0000000,0x00000000f5d80000)
  from space 18944K, 0% used [0x00000000f7000000,0x00000000f7010000,0x00000000f8280000)
  to   space 18944K, 0% used [0x00000000f5d80000,0x00000000f5d80000,0x00000000f7000000)
 ParOldGen       total 76800K, used 22544K [0x00000000d0000000, 0x00000000d4b00000, 0x00000000f0000000)
  object space 76800K, 29% used [0x00000000d0000000,0x00000000d16041b8,0x00000000d4b00000)
 Metaspace       used 60809K, capacity 61240K, committed 61744K, reserved 1099776K
  class space    used 10577K, capacity 10695K, committed 10800K, reserved 1048576K
}
Event: 5616.818 GC heap before
{Heap before GC invocations=66 (full 8):
 PSYoungGen      total 114688K, used 64K [0x00000000f0000000, 0x00000000f8280000, 0x0000000100000000)
  eden space 95744K, 0% used [0x00000000f0000000,0x00000000f0000000,0x00000000f5d80000)
  from space 18944K, 0% used [0x00000000f7000000,0x00000000f7010000,0x00000000f8280000)
  to   space 18944K, 0% used [0x00000000f5d80000,0x00000000f5d80000,0x00000000f7000000)
 ParOldGen       total 76800K, used 22544K [0x00000000d0000000, 0x00000000d4b00000, 0x00000000f0000000)
  object space 76800K, 29% used [0x00000000d0000000,0x00000000d16041b8,0x00000000d4b00000)
 Metaspace       used 60809K, capacity 61240K, committed 61744K, reserved 1099776K
  class space    used 10577K, capacity 10695K, committed 10800K, reserved 1048576K
Event: 5616.968 GC heap after
Heap after GC invocations=66 (full 8):
 PSYoungGen      total 114688K, used 0K [0x00000000f0000000, 0x00000000f8280000, 0x0000000100000000)
  eden space 95744K, 0% used [0x00000000f0000000,0x00000000f0000000,0x00000000f5d80000)
  from space 18944K, 0% used [0x00000000f7000000,0x00000000f7000000,0x00000000f8280000)
  to   space 18944K, 0% used [0x00000000f5d80000,0x00000000f5d80000,0x00000000f7000000)
 ParOldGen       total 76800K, used 21870K [0x00000000d0000000, 0x00000000d4b00000, 0x00000000f0000000)
  object space 76800K, 28% used [0x00000000d0000000,0x00000000d155b820,0x00000000d4b00000)
 Metaspace       used 60809K, capacity 61240K, committed 61744K, reserved 1099776K
  class space    used 10577K, capacity 10695K, committed 10800K, reserved 1048576K
}
Event: 5620.368 GC heap before
{Heap before GC invocations=67 (full 8):
 PSYoungGen      total 114688K, used 95744K [0x00000000f0000000, 0x00000000f8280000, 0x0000000100000000)
  eden space 95744K, 100% used [0x00000000f0000000,0x00000000f5d80000,0x00000000f5d80000)
  from space 18944K, 0% used [0x00000000f7000000,0x00000000f7000000,0x00000000f8280000)
  to   space 18944K, 0% used [0x00000000f5d80000,0x00000000f5d80000,0x00000000f7000000)
 ParOldGen       total 76800K, used 21870K [0x00000000d0000000, 0x00000000d4b00000, 0x00000000f0000000)
  object space 76800K, 28% used [0x00000000d0000000,0x00000000d155b820,0x00000000d4b00000)
 Metaspace       used 62448K, capacity 62876K, committed 63152K, reserved 1101824K
  class space    used 10798K, capacity 10897K, committed 10928K, reserved 1048576K
Event: 5620.388 GC heap after
Heap after GC invocations=67 (full 8):
 PSYoungGen      total 114688K, used 18938K [0x00000000f0000000, 0x00000000f9600000, 0x0000000100000000)
  eden space 95744K, 0% used [0x00000000f0000000,0x00000000f0000000,0x00000000f5d80000)
  from space 18944K, 99% used [0x00000000f5d80000,0x00000000f6ffeaf8,0x00000000f7000000)
  to   space 24064K, 0% used [0x00000000f7e80000,0x00000000f7e80000,0x00000000f9600000)
 ParOldGen       total 76800K, used 25798K [0x00000000d0000000, 0x00000000d4b00000, 0x00000000f0000000)
  object space 76800K, 33% used [0x00000000d0000000,0x00000000d1931bb0,0x00000000d4b00000)
 Metaspace       used 62448K, capacity 62876K, committed 63152K, reserved 1101824K
  class space    used 10798K, capacity 10897K, committed 10928K, reserved 1048576K
}
Event: 5625.070 GC heap before
{Heap before GC invocations=68 (full 8):
 PSYoungGen      total 114688K, used 114682K [0x00000000f0000000, 0x00000000f9600000, 0x0000000100000000)
  eden space 95744K, 100% used [0x00000000f0000000,0x00000000f5d80000,0x00000000f5d80000)
  from space 18944K, 99% used [0x00000000f5d80000,0x00000000f6ffeaf8,0x00000000f7000000)
  to   space 24064K, 0% used [0x00000000f7e80000,0x00000000f7e80000,0x00000000f9600000)
 ParOldGen       total 76800K, used 25798K [0x00000000d0000000, 0x00000000d4b00000, 0x00000000f0000000)
  object space 76800K, 33% used [0x00000000d0000000,0x00000000d1931bb0,0x00000000d4b00000)
 Metaspace       used 64475K, capacity 65000K, committed 65328K, reserved 1103872K
  class space    used 11115K, capacity 11289K, committed 11312K, reserved 1048576K
Event: 5625.159 GC heap after
Heap after GC invocations=68 (full 8):
 PSYoungGen      total 114176K, used 24039K [0x00000000f0000000, 0x00000000fb380000, 0x0000000100000000)
  eden space 90112K, 0% used [0x00000000f0000000,0x00000000f0000000,0x00000000f5800000)
  from space 24064K, 99% used [0x00000000f7e80000,0x00000000f95f9c88,0x00000000f9600000)
  to   space 39424K, 0% used [0x00000000f5800000,0x00000000f5800000,0x00000000f7e80000)
 ParOldGen       total 76800K, used 55073K [0x00000000d0000000, 0x00000000d4b00000, 0x00000000f0000000)
  object space 76800K, 71% used [0x00000000d0000000,0x00000000d35c85f8,0x00000000d4b00000)
 Metaspace       used 64475K, capacity 65000K, committed 65328K, reserved 1103872K
  class space    used 11115K, capacity 11289K, committed 11312K, reserved 1048576K
}
Event: 5638.167 GC heap before
{Heap before GC invocations=69 (full 8):
 PSYoungGen      total 114176K, used 114151K [0x00000000f0000000, 0x00000000fb380000, 0x0000000100000000)
  eden space 90112K, 100% used [0x00000000f0000000,0x00000000f5800000,0x00000000f5800000)
  from space 24064K, 99% used [0x00000000f7e80000,0x00000000f95f9c88,0x00000000f9600000)
  to   space 39424K, 0% used [0x00000000f5800000,0x00000000f5800000,0x00000000f7e80000)
 ParOldGen       total 76800K, used 55073K [0x00000000d0000000, 0x00000000d4b00000, 0x00000000f0000000)
  object space 76800K, 71% used [0x00000000d0000000,0x00000000d35c85f8,0x00000000d4b00000)
 Metaspace       used 67556K, capacity 68116K, committed 68656K, reserved 1105920K
  class space    used 11767K, capacity 11941K, committed 12080K, reserved 1048576K
Event: 5638.493 GC heap after
Heap after GC invocations=69 (full 8):
 PSYoungGen      total 129536K, used 27181K [0x00000000f0000000, 0x00000000fb200000, 0x0000000100000000)
  eden space 90112K, 0% used [0x00000000f0000000,0x00000000f0000000,0x00000000f5800000)
  from space 39424K, 68% used [0x00000000f5800000,0x00000000f728b528,0x00000000f7e80000)
  to   space 41984K, 0% used [0x00000000f8900000,0x00000000f8900000,0x00000000fb200000)
 ParOldGen       total 76800K, used 65443K [0x00000000d0000000, 0x00000000d4b00000, 0x00000000f0000000)
  object space 76800K, 85% used [0x00000000d0000000,0x00000000d3fe8c90,0x00000000d4b00000)
 Metaspace       used 67556K, capacity 68116K, committed 68656K, reserved 1105920K
  class space    used 11767K, capacity 11941K, committed 12080K, reserved 1048576K
}
Event: 5638.494 GC heap before
{Heap before GC invocations=70 (full 9):
 PSYoungGen      total 129536K, used 27181K [0x00000000f0000000, 0x00000000fb200000, 0x0000000100000000)
  eden space 90112K, 0% used [0x00000000f0000000,0x00000000f0000000,0x00000000f5800000)
  from space 39424K, 68% used [0x00000000f5800000,0x00000000f728b528,0x00000000f7e80000)
  to   space 41984K, 0% used [0x00000000f8900000,0x00000000f8900000,0x00000000fb200000)
 ParOldGen       total 76800K, used 65443K [0x00000000d0000000, 0x00000000d4b00000, 0x00000000f0000000)
  object space 76800K, 85% used [0x00000000d0000000,0x00000000d3fe8c90,0x00000000d4b00000)
 Metaspace       used 67556K, capacity 68116K, committed 68656K, reserved 1105920K
  class space    used 11767K, capacity 11941K, committed 12080K, reserved 1048576K

